 
                              IC Compiler II (TM)

             Version S-2021.06-SP2 for linux64 - Aug 26, 2021 -SLE

                    Copyright (c) 1988 - 2021 Synopsys, Inc.
   This software and the associated documentation are proprietary to Synopsys,
 Inc. This software may only be used in accordance with the terms and conditions
 of a written license agreement with Synopsys, Inc. All other use, reproduction,
   or distribution of this software is strictly prohibited.  Licensed Products
     communicate with Synopsys servers for the purpose of providing software
    updates, detecting software piracy and verifying that customers are using
    Licensed Products in conformity with the applicable License Key for such
  Licensed Products. Synopsys will use information gathered in connection with
    this process to deliver software updates and pursue software pirates and
                                   infringers.

 Inclusivity & Diversity - Visit SolvNetPlus to read the "Synopsys Statement on
            Inclusivity and Diversity" (Refer to article 000036315 at
                        https://solvnetplus.synopsys.com)

icc2_shell> open_lib ./outputs/works/CHIP_TOP.nlib/
Information: Loading library file '/home/rameshcs/vishnu_rs/pd/CHIP_TOP/outputs/works/CHIP_TOP.nlib' (FILE-007)
Information: Loading library file '/home/tools/14nm_Libraries/stdcell_hvt/ndm/saed14hvt_frame_only.ndm' (FILE-007)
Information: Loading library file '/home/tools/14nm_Libraries/stdcell_slvt/ndm/saed14slvt_frame_timing_ccs.ndm' (FILE-007)
Information: Loading library file '/home/tools/14nm_Libraries/stdcell_hvt/ndm/saed14hvt_frame_timing_ccs.ndm' (FILE-007)
Information: Loading library file '/home/tools/14nm_Libraries/SAED14nm_EDK_SRAM_v_05072020/lib/sram/ndm/saed14_sram_1rw_frame_only.ndm' (FILE-007)
Information: Loading library file '/home/tools/14nm_Libraries/stdcell_lvt/ndm/saed14lvt_frame_only.ndm' (FILE-007)
Information: Loading library file '/home/tools/14nm_Libraries/SAED14nm_EDK_SRAM_v_05072020/lib/sram/ndm/saed14_sram_2rw_frame_only.ndm' (FILE-007)
Information: Loading library file '/home/tools/14nm_Libraries/stdcell_lvt/ndm/saed14lvt_frame_timing_ccs.ndm' (FILE-007)
Information: Loading library file '/home/tools/14nm_Libraries/SAED14nm_EDK_SRAM_v_05072020/lib/sram_lp/ndm/saed14_sram_lp_1rw_frame_only.ndm' (FILE-007)
Information: Loading library file '/home/tools/14nm_Libraries/stdcell_rvt/ndm/saed14rvt_frame_only.ndm' (FILE-007)
Information: Loading library file '/home/tools/14nm_Libraries/SAED14nm_EDK_SRAM_v_05072020/lib/sram_lp/ndm/saed14_sram_lp_2rw_frame_only.ndm' (FILE-007)
Information: Loading library file '/home/tools/14nm_Libraries/stdcell_rvt/ndm/saed14rvt_frame_timing_ccs.ndm' (FILE-007)
Information: Loading library file '/home/tools/14nm_Libraries/stdcell_slvt/ndm/saed14slvt_frame_only.ndm' (FILE-007)
{CHIP_TOP.nlib}
icc2_shell> report_ref_libs
****************************************
Report : Reference Library Report
Library: CHIP_TOP.nlib
Version: S-2021.06-SP2
Date   : Sun Jul  7 12:43:42 2024
****************************************

    Name                          Path                              Location
    ------------------------------------------------------------------------
*+  saed14hvt_frame_only          saed14hvt_frame_only.ndm          /home/tools/14nm_Libraries/stdcell_hvt/ndm/saed14hvt_frame_only.ndm
*+  saed14slvt_frame_timing_ccs   saed14slvt_frame_timing_ccs.ndm   /home/tools/14nm_Libraries/stdcell_slvt/ndm/saed14slvt_frame_timing_ccs.ndm
*+  saed14hvt_frame_timing_ccs    saed14hvt_frame_timing_ccs.ndm    /home/tools/14nm_Libraries/stdcell_hvt/ndm/saed14hvt_frame_timing_ccs.ndm
*+  saed14_sram_1rw_frame_only    saed14_sram_1rw_frame_only.ndm    /home/tools/14nm_Libraries/SAED14nm_EDK_SRAM_v_05072020/lib/sram/ndm/saed14_sram_1rw_frame_only.ndm
*+  saed14lvt_frame_only          saed14lvt_frame_only.ndm          /home/tools/14nm_Libraries/stdcell_lvt/ndm/saed14lvt_frame_only.ndm
*+  saed14_sram_2rw_frame_only    saed14_sram_2rw_frame_only.ndm    /home/tools/14nm_Libraries/SAED14nm_EDK_SRAM_v_05072020/lib/sram/ndm/saed14_sram_2rw_frame_only.ndm
*+  saed14lvt_frame_timing_ccs    saed14lvt_frame_timing_ccs.ndm    /home/tools/14nm_Libraries/stdcell_lvt/ndm/saed14lvt_frame_timing_ccs.ndm
*+  saed14_sram_lp_1rw_frame_only saed14_sram_lp_1rw_frame_only.ndm /home/tools/14nm_Libraries/SAED14nm_EDK_SRAM_v_05072020/lib/sram_lp/ndm/saed14_sram_lp_1rw_frame_only.ndm
*+  saed14rvt_frame_only          saed14rvt_frame_only.ndm          /home/tools/14nm_Libraries/stdcell_rvt/ndm/saed14rvt_frame_only.ndm
*+  saed14_sram_lp_2rw_frame_only saed14_sram_lp_2rw_frame_only.ndm /home/tools/14nm_Libraries/SAED14nm_EDK_SRAM_v_05072020/lib/sram_lp/ndm/saed14_sram_lp_2rw_frame_only.ndm
*+  saed14rvt_frame_timing_ccs    saed14rvt_frame_timing_ccs.ndm    /home/tools/14nm_Libraries/stdcell_rvt/ndm/saed14rvt_frame_timing_ccs.ndm
*+  saed14slvt_frame_only         saed14slvt_frame_only.ndm         /home/tools/14nm_Libraries/stdcell_slvt/ndm/saed14slvt_frame_only.ndm
    "*" = Library currently open
    "+" = Library has technology information
1
icc2_shell> exit
Maximum memory usage for this session: 498.87 MB
Maximum memory usage for this session including child processes: 498.87 MB
CPU usage for this session:     13 seconds (  0.00 hours)
Elapsed time for this session:     38 seconds (  0.01 hours)
Thank you for using IC Compiler II.
